2020-10-24 13:00:56.744 INFO  --- [StartupInfoLogger.java:55][restartedMain] - Starting MyApplication on DESKTOP-4QR3S8M with PID 7848 (C:\Users\Administrator\Desktop\SpringBoot-Shiro-Vue-master\back\target\classes started by Administrator in C:\Users\Administrator\Desktop\SpringBoot-Shiro-Vue-master\back)
2020-10-24 13:00:56.751 INFO  --- [SpringApplication.java:651][restartedMain] - No active profile set, falling back to default profiles: default
2020-10-24 13:00:59.886 INFO  --- [StartupInfoLogger.java:61][restartedMain] - Started MyApplication in 3.892 seconds (JVM running for 4.879)
2020-10-24 13:01:08.518 INFO  --- [HikariDataSource.java:110][http-nio-8080-exec-1] - HikariPool-1 - Starting...
2020-10-24 13:01:08.775 INFO  --- [HikariDataSource.java:123][http-nio-8080-exec-1] - HikariPool-1 - Start completed.
2020-10-24 13:01:08.784 DEBUG --- [BaseJdbcLogger.java:143][http-nio-8080-exec-1] - ==>  Preparing: SELECT u.id userId, u.username username, u.password password, u.nickname nickName FROM sys_user u WHERE u.username = ? AND u.password = ? AND u.delete_status = '1' 
2020-10-24 13:01:08.820 DEBUG --- [BaseJdbcLogger.java:143][http-nio-8080-exec-1] - ==> Parameters: admin(String), 123456(String)
2020-10-24 13:01:08.850 DEBUG --- [BaseJdbcLogger.java:143][http-nio-8080-exec-1] - <==      Total: 1
2020-10-24 13:01:08.972 DEBUG --- [BaseJdbcLogger.java:143][http-nio-8080-exec-2] - ==>  Preparing: SELECT u.id userId, u.nickname nickname, u.role_id roleId, r.role_name roleName, p.menu_code menuCode, p.permission_code permissionCode FROM sys_user u LEFT JOIN sys_role r ON r.id = u.role_id LEFT JOIN sys_role_permission rp ON u.role_id = rp.role_id LEFT JOIN sys_permission p ON rp.permission_id = p.id AND rp.delete_status = '1' WHERE u.username = ? AND u.delete_status = '1' 
2020-10-24 13:01:08.973 DEBUG --- [BaseJdbcLogger.java:143][http-nio-8080-exec-2] - ==> Parameters: admin(String)
2020-10-24 13:01:08.994 DEBUG --- [BaseJdbcLogger.java:143][http-nio-8080-exec-2] - <==      Total: 1
2020-10-24 13:01:09.004 DEBUG --- [BaseJdbcLogger.java:143][http-nio-8080-exec-2] - ==>  Preparing: SELECT p.menu_code menuCode FROM sys_permission p ORDER BY p.id 
2020-10-24 13:01:09.004 DEBUG --- [BaseJdbcLogger.java:143][http-nio-8080-exec-2] - ==> Parameters: 
2020-10-24 13:01:09.026 DEBUG --- [BaseJdbcLogger.java:143][http-nio-8080-exec-2] - <==      Total: 10
2020-10-24 13:01:09.027 DEBUG --- [BaseJdbcLogger.java:143][http-nio-8080-exec-2] - ==>  Preparing: SELECT p.permission_code permissionCode FROM sys_permission p ORDER BY p.id 
2020-10-24 13:01:09.028 DEBUG --- [BaseJdbcLogger.java:143][http-nio-8080-exec-2] - ==> Parameters: 
2020-10-24 13:01:09.031 DEBUG --- [BaseJdbcLogger.java:143][http-nio-8080-exec-2] - <==      Total: 10
2020-10-24 13:03:01.065 WARN  --- [AbstractHandlerExceptionResolver.java:199][http-nio-8080-exec-4] - Resolved [com.heeexy.example.config.exception.CommonJsonException]
2020-10-24 13:36:39.134 WARN  --- [HikariPool.java:779][HikariPool-1 housekeeper] - HikariPool-1 - Thread starvation or clock leap detected (housekeeper delta=1m59s871ms519µs736ns).
2020-10-24 13:40:53.826 DEBUG --- [BaseJdbcLogger.java:143][http-nio-8080-exec-8] - ==>  Preparing: SELECT u.id userId, u.username username, u.password password, u.nickname nickName FROM sys_user u WHERE u.username = ? AND u.password = ? AND u.delete_status = '1' 
2020-10-24 13:40:53.827 DEBUG --- [BaseJdbcLogger.java:143][http-nio-8080-exec-8] - ==> Parameters: admin(String), 123456(String)
2020-10-24 13:40:53.829 DEBUG --- [BaseJdbcLogger.java:143][http-nio-8080-exec-8] - <==      Total: 1
2020-10-24 13:40:53.850 DEBUG --- [BaseJdbcLogger.java:143][http-nio-8080-exec-9] - ==>  Preparing: SELECT u.id userId, u.nickname nickname, u.role_id roleId, r.role_name roleName, p.menu_code menuCode, p.permission_code permissionCode FROM sys_user u LEFT JOIN sys_role r ON r.id = u.role_id LEFT JOIN sys_role_permission rp ON u.role_id = rp.role_id LEFT JOIN sys_permission p ON rp.permission_id = p.id AND rp.delete_status = '1' WHERE u.username = ? AND u.delete_status = '1' 
2020-10-24 13:40:53.851 DEBUG --- [BaseJdbcLogger.java:143][http-nio-8080-exec-9] - ==> Parameters: admin(String)
2020-10-24 13:40:53.853 DEBUG --- [BaseJdbcLogger.java:143][http-nio-8080-exec-9] - <==      Total: 1
2020-10-24 13:40:53.854 DEBUG --- [BaseJdbcLogger.java:143][http-nio-8080-exec-9] - ==>  Preparing: SELECT p.menu_code menuCode FROM sys_permission p ORDER BY p.id 
2020-10-24 13:40:53.854 DEBUG --- [BaseJdbcLogger.java:143][http-nio-8080-exec-9] - ==> Parameters: 
2020-10-24 13:40:53.856 DEBUG --- [BaseJdbcLogger.java:143][http-nio-8080-exec-9] - <==      Total: 10
2020-10-24 13:40:53.856 DEBUG --- [BaseJdbcLogger.java:143][http-nio-8080-exec-9] - ==>  Preparing: SELECT p.permission_code permissionCode FROM sys_permission p ORDER BY p.id 
2020-10-24 13:40:53.857 DEBUG --- [BaseJdbcLogger.java:143][http-nio-8080-exec-9] - ==> Parameters: 
2020-10-24 13:40:53.858 DEBUG --- [BaseJdbcLogger.java:143][http-nio-8080-exec-9] - <==      Total: 10
2020-10-24 14:56:02.251 WARN  --- [HikariPool.java:779][HikariPool-1 housekeeper] - HikariPool-1 - Thread starvation or clock leap detected (housekeeper delta=52s447ms155µs379ns).
2020-10-24 14:56:47.622 DEBUG --- [BaseJdbcLogger.java:143][http-nio-8080-exec-8] - ==>  Preparing: SELECT u.id userId, u.username username, u.password password, u.nickname nickName FROM sys_user u WHERE u.username = ? AND u.password = ? AND u.delete_status = '1' 
2020-10-24 14:56:47.623 DEBUG --- [BaseJdbcLogger.java:143][http-nio-8080-exec-8] - ==> Parameters: admin(String), 123456(String)
2020-10-24 14:56:47.625 DEBUG --- [BaseJdbcLogger.java:143][http-nio-8080-exec-8] - <==      Total: 1
2020-10-24 14:56:47.649 DEBUG --- [BaseJdbcLogger.java:143][http-nio-8080-exec-9] - ==>  Preparing: SELECT u.id userId, u.nickname nickname, u.role_id roleId, r.role_name roleName, p.menu_code menuCode, p.permission_code permissionCode FROM sys_user u LEFT JOIN sys_role r ON r.id = u.role_id LEFT JOIN sys_role_permission rp ON u.role_id = rp.role_id LEFT JOIN sys_permission p ON rp.permission_id = p.id AND rp.delete_status = '1' WHERE u.username = ? AND u.delete_status = '1' 
2020-10-24 14:56:47.650 DEBUG --- [BaseJdbcLogger.java:143][http-nio-8080-exec-9] - ==> Parameters: admin(String)
2020-10-24 14:56:47.652 DEBUG --- [BaseJdbcLogger.java:143][http-nio-8080-exec-9] - <==      Total: 1
2020-10-24 14:56:47.653 DEBUG --- [BaseJdbcLogger.java:143][http-nio-8080-exec-9] - ==>  Preparing: SELECT p.menu_code menuCode FROM sys_permission p ORDER BY p.id 
2020-10-24 14:56:47.653 DEBUG --- [BaseJdbcLogger.java:143][http-nio-8080-exec-9] - ==> Parameters: 
2020-10-24 14:56:47.654 DEBUG --- [BaseJdbcLogger.java:143][http-nio-8080-exec-9] - <==      Total: 10
2020-10-24 14:56:47.655 DEBUG --- [BaseJdbcLogger.java:143][http-nio-8080-exec-9] - ==>  Preparing: SELECT p.permission_code permissionCode FROM sys_permission p ORDER BY p.id 
2020-10-24 14:56:47.656 DEBUG --- [BaseJdbcLogger.java:143][http-nio-8080-exec-9] - ==> Parameters: 
2020-10-24 14:56:47.660 DEBUG --- [BaseJdbcLogger.java:143][http-nio-8080-exec-9] - <==      Total: 10
2020-10-24 14:59:28.989 INFO  --- [StartupInfoLogger.java:55][restartedMain] - Starting MyApplication on DESKTOP-4QR3S8M with PID 5068 (C:\Users\Administrator\Desktop\SpringBoot-Shiro-Vue-master\back\target\classes started by Administrator in C:\Users\Administrator\Desktop\SpringBoot-Shiro-Vue-master\back)
2020-10-24 14:59:29.005 INFO  --- [SpringApplication.java:651][restartedMain] - No active profile set, falling back to default profiles: default
2020-10-24 14:59:31.975 INFO  --- [StartupInfoLogger.java:61][restartedMain] - Started MyApplication in 3.473 seconds (JVM running for 4.177)
2020-10-24 14:59:49.169 INFO  --- [HikariDataSource.java:110][http-nio-8080-exec-2] - HikariPool-1 - Starting...
2020-10-24 14:59:49.326 INFO  --- [HikariDataSource.java:123][http-nio-8080-exec-2] - HikariPool-1 - Start completed.
2020-10-24 14:59:49.326 DEBUG --- [BaseJdbcLogger.java:143][http-nio-8080-exec-2] - ==>  Preparing: SELECT u.id userId, u.username username, u.password password, u.nickname nickName FROM sys_user u WHERE u.username = ? AND u.password = ? AND u.delete_status = '1' 
2020-10-24 14:59:49.357 DEBUG --- [BaseJdbcLogger.java:143][http-nio-8080-exec-2] - ==> Parameters: admin(String), 123456(String)
2020-10-24 14:59:49.388 DEBUG --- [BaseJdbcLogger.java:143][http-nio-8080-exec-2] - <==      Total: 1
2020-10-24 14:59:49.769 DEBUG --- [BaseJdbcLogger.java:143][http-nio-8080-exec-3] - ==>  Preparing: SELECT u.id userId, u.nickname nickname, u.role_id roleId, r.role_name roleName, p.menu_code menuCode, p.permission_code permissionCode FROM sys_user u LEFT JOIN sys_role r ON r.id = u.role_id LEFT JOIN sys_role_permission rp ON u.role_id = rp.role_id LEFT JOIN sys_permission p ON rp.permission_id = p.id AND rp.delete_status = '1' WHERE u.username = ? AND u.delete_status = '1' 
2020-10-24 14:59:49.770 DEBUG --- [BaseJdbcLogger.java:143][http-nio-8080-exec-3] - ==> Parameters: admin(String)
2020-10-24 14:59:49.778 DEBUG --- [BaseJdbcLogger.java:143][http-nio-8080-exec-3] - <==      Total: 1
2020-10-24 14:59:49.791 DEBUG --- [BaseJdbcLogger.java:143][http-nio-8080-exec-3] - ==>  Preparing: SELECT p.menu_code menuCode FROM sys_permission p ORDER BY p.id 
2020-10-24 14:59:49.792 DEBUG --- [BaseJdbcLogger.java:143][http-nio-8080-exec-3] - ==> Parameters: 
2020-10-24 14:59:49.798 DEBUG --- [BaseJdbcLogger.java:143][http-nio-8080-exec-3] - <==      Total: 10
2020-10-24 14:59:49.801 DEBUG --- [BaseJdbcLogger.java:143][http-nio-8080-exec-3] - ==>  Preparing: SELECT p.permission_code permissionCode FROM sys_permission p ORDER BY p.id 
2020-10-24 14:59:49.802 DEBUG --- [BaseJdbcLogger.java:143][http-nio-8080-exec-3] - ==> Parameters: 
2020-10-24 14:59:49.806 DEBUG --- [BaseJdbcLogger.java:143][http-nio-8080-exec-3] - <==      Total: 10
2020-10-24 15:07:48.768 INFO  --- [StartupInfoLogger.java:55][restartedMain] - Starting MyApplication on DESKTOP-4QR3S8M with PID 2468 (C:\Users\Administrator\Desktop\SpringBoot-Shiro-Vue-master\back\target\classes started by Administrator in C:\Users\Administrator\Desktop\SpringBoot-Shiro-Vue-master\back)
2020-10-24 15:07:48.768 INFO  --- [SpringApplication.java:651][restartedMain] - No active profile set, falling back to default profiles: default
2020-10-24 15:07:51.609 INFO  --- [StartupInfoLogger.java:61][restartedMain] - Started MyApplication in 3.34 seconds (JVM running for 4.117)
2020-10-24 15:08:00.630 INFO  --- [HikariDataSource.java:110][http-nio-8080-exec-2] - HikariPool-1 - Starting...
2020-10-24 15:08:00.800 INFO  --- [HikariDataSource.java:123][http-nio-8080-exec-2] - HikariPool-1 - Start completed.
2020-10-24 15:08:00.807 DEBUG --- [BaseJdbcLogger.java:143][http-nio-8080-exec-2] - ==>  Preparing: SELECT u.id userId, u.username username, u.password password, u.nickname nickName FROM sys_user u WHERE u.username = ? AND u.password = ? AND u.delete_status = '1' 
2020-10-24 15:08:00.837 DEBUG --- [BaseJdbcLogger.java:143][http-nio-8080-exec-2] - ==> Parameters: admin(String), 123456(String)
2020-10-24 15:08:00.868 DEBUG --- [BaseJdbcLogger.java:143][http-nio-8080-exec-2] - <==      Total: 1
2020-10-24 15:08:00.931 DEBUG --- [BaseJdbcLogger.java:143][http-nio-8080-exec-3] - ==>  Preparing: SELECT u.id userId, u.nickname nickname, u.role_id roleId, r.role_name roleName, p.menu_code menuCode, p.permission_code permissionCode FROM sys_user u LEFT JOIN sys_role r ON r.id = u.role_id LEFT JOIN sys_role_permission rp ON u.role_id = rp.role_id LEFT JOIN sys_permission p ON rp.permission_id = p.id AND rp.delete_status = '1' WHERE u.username = ? AND u.delete_status = '1' 
2020-10-24 15:08:00.932 DEBUG --- [BaseJdbcLogger.java:143][http-nio-8080-exec-3] - ==> Parameters: admin(String)
2020-10-24 15:08:00.934 DEBUG --- [BaseJdbcLogger.java:143][http-nio-8080-exec-3] - <==      Total: 1
2020-10-24 15:08:00.939 DEBUG --- [BaseJdbcLogger.java:143][http-nio-8080-exec-3] - ==>  Preparing: SELECT p.menu_code menuCode FROM sys_permission p ORDER BY p.id 
2020-10-24 15:08:00.940 DEBUG --- [BaseJdbcLogger.java:143][http-nio-8080-exec-3] - ==> Parameters: 
2020-10-24 15:08:00.943 DEBUG --- [BaseJdbcLogger.java:143][http-nio-8080-exec-3] - <==      Total: 10
2020-10-24 15:08:00.945 DEBUG --- [BaseJdbcLogger.java:143][http-nio-8080-exec-3] - ==>  Preparing: SELECT p.permission_code permissionCode FROM sys_permission p ORDER BY p.id 
2020-10-24 15:08:00.946 DEBUG --- [BaseJdbcLogger.java:143][http-nio-8080-exec-3] - ==> Parameters: 
2020-10-24 15:08:00.950 DEBUG --- [BaseJdbcLogger.java:143][http-nio-8080-exec-3] - <==      Total: 10
2020-10-24 15:08:08.842 ERROR --- [GlobalExceptionHandler.java:43][http-nio-8080-exec-5] - 异常
java.lang.ClassCastException: java.util.ArrayList cannot be cast to [Ljava.lang.Integer;
	at com.heeexy.example.service.impl.TimeServiceImpl.addTime(TimeServiceImpl.java:16)
	at com.heeexy.example.controller.UserController.addTime(UserController.java:115)
	at com.heeexy.example.controller.UserController$$FastClassBySpringCGLIB$$ea0c3cf2.invoke(<generated>)
	at org.springframework.cglib.proxy.MethodProxy.invoke(MethodProxy.java:218)
	at org.springframework.aop.framework.CglibAopProxy$DynamicAdvisedInterceptor.intercept(CglibAopProxy.java:687)
	at com.heeexy.example.controller.UserController$$EnhancerBySpringCGLIB$$ee1a5326.addTime(<generated>)
	at sun.reflect.NativeMethodAccessorImpl.invoke0(Native Method)
	at sun.reflect.NativeMethodAccessorImpl.invoke(NativeMethodAccessorImpl.java:62)
	at sun.reflect.DelegatingMethodAccessorImpl.invoke(DelegatingMethodAccessorImpl.java:43)
	at java.lang.reflect.Method.invoke(Method.java:498)
	at org.springframework.web.method.support.InvocableHandlerMethod.doInvoke(InvocableHandlerMethod.java:190)
	at org.springframework.web.method.support.InvocableHandlerMethod.invokeForRequest(InvocableHandlerMethod.java:138)
	at org.springframework.web.servlet.mvc.method.annotation.ServletInvocableHandlerMethod.invokeAndHandle(ServletInvocableHandlerMethod.java:105)
	at org.springframework.web.servlet.mvc.method.annotation.RequestMappingHandlerAdapter.invokeHandlerMethod(RequestMappingHandlerAdapter.java:879)
	at org.springframework.web.servlet.mvc.method.annotation.RequestMappingHandlerAdapter.handleInternal(RequestMappingHandlerAdapter.java:793)
	at org.springframework.web.servlet.mvc.method.AbstractHandlerMethodAdapter.handle(AbstractHandlerMethodAdapter.java:87)
	at org.springframework.web.servlet.DispatcherServlet.doDispatch(DispatcherServlet.java:1040)
	at org.springframework.web.servlet.DispatcherServlet.doService(DispatcherServlet.java:943)
	at org.springframework.web.servlet.FrameworkServlet.processRequest(FrameworkServlet.java:1006)
	at org.springframework.web.servlet.FrameworkServlet.doPost(FrameworkServlet.java:909)
	at javax.servlet.http.HttpServlet.service(HttpServlet.java:660)
	at org.springframework.web.servlet.FrameworkServlet.service(FrameworkServlet.java:883)
	at javax.servlet.http.HttpServlet.service(HttpServlet.java:741)
	at org.apache.catalina.core.ApplicationFilterChain.internalDoFilter(ApplicationFilterChain.java:231)
	at org.apache.catalina.core.ApplicationFilterChain.doFilter(ApplicationFilterChain.java:166)
	at org.apache.tomcat.websocket.server.WsFilter.doFilter(WsFilter.java:53)
	at org.apache.catalina.core.ApplicationFilterChain.internalDoFilter(ApplicationFilterChain.java:193)
	at org.apache.catalina.core.ApplicationFilterChain.doFilter(ApplicationFilterChain.java:166)
	at org.apache.shiro.web.servlet.ProxiedFilterChain.doFilter(ProxiedFilterChain.java:61)
	at org.apache.shiro.web.servlet.AdviceFilter.executeChain(AdviceFilter.java:108)
	at org.apache.shiro.web.servlet.AdviceFilter.doFilterInternal(AdviceFilter.java:137)
	at org.apache.shiro.web.servlet.OncePerRequestFilter.doFilter(OncePerRequestFilter.java:125)
	at org.apache.shiro.web.servlet.ProxiedFilterChain.doFilter(ProxiedFilterChain.java:66)
	at org.apache.shiro.web.servlet.AbstractShiroFilter.executeChain(AbstractShiroFilter.java:449)
	at org.apache.shiro.web.servlet.AbstractShiroFilter$1.call(AbstractShiroFilter.java:365)
	at org.apache.shiro.subject.support.SubjectCallable.doCall(SubjectCallable.java:90)
	at org.apache.shiro.subject.support.SubjectCallable.call(SubjectCallable.java:83)
	at org.apache.shiro.subject.support.DelegatingSubject.execute(DelegatingSubject.java:387)
	at org.apache.shiro.web.servlet.AbstractShiroFilter.doFilterInternal(AbstractShiroFilter.java:362)
	at org.apache.shiro.web.servlet.OncePerRequestFilter.doFilter(OncePerRequestFilter.java:125)
	at org.apache.catalina.core.ApplicationFilterChain.internalDoFilter(ApplicationFilterChain.java:193)
	at org.apache.catalina.core.ApplicationFilterChain.doFilter(ApplicationFilterChain.java:166)
	at org.springframework.web.filter.RequestContextFilter.doFilterInternal(RequestContextFilter.java:100)
	at org.springframework.web.filter.OncePerRequestFilter.doFilter(OncePerRequestFilter.java:119)
	at org.apache.catalina.core.ApplicationFilterChain.internalDoFilter(ApplicationFilterChain.java:193)
	at org.apache.catalina.core.ApplicationFilterChain.doFilter(ApplicationFilterChain.java:166)
	at org.springframework.web.filter.FormContentFilter.doFilterInternal(FormContentFilter.java:93)
	at org.springframework.web.filter.OncePerRequestFilter.doFilter(OncePerRequestFilter.java:119)
	at org.apache.catalina.core.ApplicationFilterChain.internalDoFilter(ApplicationFilterChain.java:193)
	at org.apache.catalina.core.ApplicationFilterChain.doFilter(ApplicationFilterChain.java:166)
	at org.springframework.web.filter.CharacterEncodingFilter.doFilterInternal(CharacterEncodingFilter.java:201)
	at org.springframework.web.filter.OncePerRequestFilter.doFilter(OncePerRequestFilter.java:119)
	at org.apache.catalina.core.ApplicationFilterChain.internalDoFilter(ApplicationFilterChain.java:193)
	at org.apache.catalina.core.ApplicationFilterChain.doFilter(ApplicationFilterChain.java:166)
	at org.apache.catalina.core.StandardWrapperValve.invoke(StandardWrapperValve.java:202)
	at org.apache.catalina.core.StandardContextValve.invoke(StandardContextValve.java:96)
	at org.apache.catalina.authenticator.AuthenticatorBase.invoke(AuthenticatorBase.java:541)
	at org.apache.catalina.core.StandardHostValve.invoke(StandardHostValve.java:139)
	at org.apache.catalina.valves.ErrorReportValve.invoke(ErrorReportValve.java:92)
	at org.apache.catalina.core.StandardEngineValve.invoke(StandardEngineValve.java:74)
	at org.apache.catalina.connector.CoyoteAdapter.service(CoyoteAdapter.java:343)
	at org.apache.coyote.http11.Http11Processor.service(Http11Processor.java:373)
	at org.apache.coyote.AbstractProcessorLight.process(AbstractProcessorLight.java:65)
	at org.apache.coyote.AbstractProtocol$ConnectionHandler.process(AbstractProtocol.java:868)
	at org.apache.tomcat.util.net.NioEndpoint$SocketProcessor.doRun(NioEndpoint.java:1594)
	at org.apache.tomcat.util.net.SocketProcessorBase.run(SocketProcessorBase.java:49)
	at java.util.concurrent.ThreadPoolExecutor.runWorker(ThreadPoolExecutor.java:1142)
	at java.util.concurrent.ThreadPoolExecutor$Worker.run(ThreadPoolExecutor.java:617)
	at org.apache.tomcat.util.threads.TaskThread$WrappingRunnable.run(TaskThread.java:61)
	at java.lang.Thread.run(Thread.java:745)
2020-10-24 15:08:08.845 WARN  --- [AbstractHandlerExceptionResolver.java:199][http-nio-8080-exec-5] - Resolved [java.lang.ClassCastException: java.util.ArrayList cannot be cast to [Ljava.lang.Integer;]
2020-10-24 15:08:56.230 INFO  --- [StartupInfoLogger.java:55][restartedMain] - Starting MyApplication on DESKTOP-4QR3S8M with PID 10632 (C:\Users\Administrator\Desktop\SpringBoot-Shiro-Vue-master\back\target\classes started by Administrator in C:\Users\Administrator\Desktop\SpringBoot-Shiro-Vue-master\back)
2020-10-24 15:08:56.246 INFO  --- [SpringApplication.java:651][restartedMain] - No active profile set, falling back to default profiles: default
2020-10-24 15:08:59.056 INFO  --- [StartupInfoLogger.java:61][restartedMain] - Started MyApplication in 3.356 seconds (JVM running for 4.139)
2020-10-24 15:09:06.970 INFO  --- [HikariDataSource.java:110][http-nio-8080-exec-2] - HikariPool-1 - Starting...
2020-10-24 15:09:07.142 INFO  --- [HikariDataSource.java:123][http-nio-8080-exec-2] - HikariPool-1 - Start completed.
2020-10-24 15:09:07.150 DEBUG --- [BaseJdbcLogger.java:143][http-nio-8080-exec-2] - ==>  Preparing: SELECT u.id userId, u.username username, u.password password, u.nickname nickName FROM sys_user u WHERE u.username = ? AND u.password = ? AND u.delete_status = '1' 
2020-10-24 15:09:07.183 DEBUG --- [BaseJdbcLogger.java:143][http-nio-8080-exec-2] - ==> Parameters: admin(String), 123456(String)
2020-10-24 15:09:07.209 DEBUG --- [BaseJdbcLogger.java:143][http-nio-8080-exec-2] - <==      Total: 1
2020-10-24 15:09:07.274 DEBUG --- [BaseJdbcLogger.java:143][http-nio-8080-exec-3] - ==>  Preparing: SELECT u.id userId, u.nickname nickname, u.role_id roleId, r.role_name roleName, p.menu_code menuCode, p.permission_code permissionCode FROM sys_user u LEFT JOIN sys_role r ON r.id = u.role_id LEFT JOIN sys_role_permission rp ON u.role_id = rp.role_id LEFT JOIN sys_permission p ON rp.permission_id = p.id AND rp.delete_status = '1' WHERE u.username = ? AND u.delete_status = '1' 
2020-10-24 15:09:07.275 DEBUG --- [BaseJdbcLogger.java:143][http-nio-8080-exec-3] - ==> Parameters: admin(String)
2020-10-24 15:09:07.278 DEBUG --- [BaseJdbcLogger.java:143][http-nio-8080-exec-3] - <==      Total: 1
2020-10-24 15:09:07.284 DEBUG --- [BaseJdbcLogger.java:143][http-nio-8080-exec-3] - ==>  Preparing: SELECT p.menu_code menuCode FROM sys_permission p ORDER BY p.id 
2020-10-24 15:09:07.284 DEBUG --- [BaseJdbcLogger.java:143][http-nio-8080-exec-3] - ==> Parameters: 
2020-10-24 15:09:07.286 DEBUG --- [BaseJdbcLogger.java:143][http-nio-8080-exec-3] - <==      Total: 10
2020-10-24 15:09:07.288 DEBUG --- [BaseJdbcLogger.java:143][http-nio-8080-exec-3] - ==>  Preparing: SELECT p.permission_code permissionCode FROM sys_permission p ORDER BY p.id 
2020-10-24 15:09:07.288 DEBUG --- [BaseJdbcLogger.java:143][http-nio-8080-exec-3] - ==> Parameters: 
2020-10-24 15:09:07.290 DEBUG --- [BaseJdbcLogger.java:143][http-nio-8080-exec-3] - <==      Total: 10
2020-10-24 15:09:16.017 WARN  --- [AbstractHandlerExceptionResolver.java:199][http-nio-8080-exec-5] - Resolved [com.heeexy.example.config.exception.CommonJsonException]
2020-10-24 15:09:23.085 ERROR --- [GlobalExceptionHandler.java:43][http-nio-8080-exec-6] - 异常
java.lang.ClassCastException: java.util.ArrayList cannot be cast to [Ljava.lang.Integer;
	at com.heeexy.example.service.impl.TimeServiceImpl.addTime(TimeServiceImpl.java:16)
	at com.heeexy.example.controller.UserController.addTime(UserController.java:115)
	at com.heeexy.example.controller.UserController$$FastClassBySpringCGLIB$$ea0c3cf2.invoke(<generated>)
	at org.springframework.cglib.proxy.MethodProxy.invoke(MethodProxy.java:218)
	at org.springframework.aop.framework.CglibAopProxy$DynamicAdvisedInterceptor.intercept(CglibAopProxy.java:687)
	at com.heeexy.example.controller.UserController$$EnhancerBySpringCGLIB$$662e0713.addTime(<generated>)
	at sun.reflect.NativeMethodAccessorImpl.invoke0(Native Method)
	at sun.reflect.NativeMethodAccessorImpl.invoke(NativeMethodAccessorImpl.java:62)
	at sun.reflect.DelegatingMethodAccessorImpl.invoke(DelegatingMethodAccessorImpl.java:43)
	at java.lang.reflect.Method.invoke(Method.java:498)
	at org.springframework.web.method.support.InvocableHandlerMethod.doInvoke(InvocableHandlerMethod.java:190)
	at org.springframework.web.method.support.InvocableHandlerMethod.invokeForRequest(InvocableHandlerMethod.java:138)
	at org.springframework.web.servlet.mvc.method.annotation.ServletInvocableHandlerMethod.invokeAndHandle(ServletInvocableHandlerMethod.java:105)
	at org.springframework.web.servlet.mvc.method.annotation.RequestMappingHandlerAdapter.invokeHandlerMethod(RequestMappingHandlerAdapter.java:879)
	at org.springframework.web.servlet.mvc.method.annotation.RequestMappingHandlerAdapter.handleInternal(RequestMappingHandlerAdapter.java:793)
	at org.springframework.web.servlet.mvc.method.AbstractHandlerMethodAdapter.handle(AbstractHandlerMethodAdapter.java:87)
	at org.springframework.web.servlet.DispatcherServlet.doDispatch(DispatcherServlet.java:1040)
	at org.springframework.web.servlet.DispatcherServlet.doService(DispatcherServlet.java:943)
	at org.springframework.web.servlet.FrameworkServlet.processRequest(FrameworkServlet.java:1006)
	at org.springframework.web.servlet.FrameworkServlet.doPost(FrameworkServlet.java:909)
	at javax.servlet.http.HttpServlet.service(HttpServlet.java:660)
	at org.springframework.web.servlet.FrameworkServlet.service(FrameworkServlet.java:883)
	at javax.servlet.http.HttpServlet.service(HttpServlet.java:741)
	at org.apache.catalina.core.ApplicationFilterChain.internalDoFilter(ApplicationFilterChain.java:231)
	at org.apache.catalina.core.ApplicationFilterChain.doFilter(ApplicationFilterChain.java:166)
	at org.apache.tomcat.websocket.server.WsFilter.doFilter(WsFilter.java:53)
	at org.apache.catalina.core.ApplicationFilterChain.internalDoFilter(ApplicationFilterChain.java:193)
	at org.apache.catalina.core.ApplicationFilterChain.doFilter(ApplicationFilterChain.java:166)
	at org.apache.shiro.web.servlet.ProxiedFilterChain.doFilter(ProxiedFilterChain.java:61)
	at org.apache.shiro.web.servlet.AdviceFilter.executeChain(AdviceFilter.java:108)
	at org.apache.shiro.web.servlet.AdviceFilter.doFilterInternal(AdviceFilter.java:137)
	at org.apache.shiro.web.servlet.OncePerRequestFilter.doFilter(OncePerRequestFilter.java:125)
	at org.apache.shiro.web.servlet.ProxiedFilterChain.doFilter(ProxiedFilterChain.java:66)
	at org.apache.shiro.web.servlet.AbstractShiroFilter.executeChain(AbstractShiroFilter.java:449)
	at org.apache.shiro.web.servlet.AbstractShiroFilter$1.call(AbstractShiroFilter.java:365)
	at org.apache.shiro.subject.support.SubjectCallable.doCall(SubjectCallable.java:90)
	at org.apache.shiro.subject.support.SubjectCallable.call(SubjectCallable.java:83)
	at org.apache.shiro.subject.support.DelegatingSubject.execute(DelegatingSubject.java:387)
	at org.apache.shiro.web.servlet.AbstractShiroFilter.doFilterInternal(AbstractShiroFilter.java:362)
	at org.apache.shiro.web.servlet.OncePerRequestFilter.doFilter(OncePerRequestFilter.java:125)
	at org.apache.catalina.core.ApplicationFilterChain.internalDoFilter(ApplicationFilterChain.java:193)
	at org.apache.catalina.core.ApplicationFilterChain.doFilter(ApplicationFilterChain.java:166)
	at org.springframework.web.filter.RequestContextFilter.doFilterInternal(RequestContextFilter.java:100)
	at org.springframework.web.filter.OncePerRequestFilter.doFilter(OncePerRequestFilter.java:119)
	at org.apache.catalina.core.ApplicationFilterChain.internalDoFilter(ApplicationFilterChain.java:193)
	at org.apache.catalina.core.ApplicationFilterChain.doFilter(ApplicationFilterChain.java:166)
	at org.springframework.web.filter.FormContentFilter.doFilterInternal(FormContentFilter.java:93)
	at org.springframework.web.filter.OncePerRequestFilter.doFilter(OncePerRequestFilter.java:119)
	at org.apache.catalina.core.ApplicationFilterChain.internalDoFilter(ApplicationFilterChain.java:193)
	at org.apache.catalina.core.ApplicationFilterChain.doFilter(ApplicationFilterChain.java:166)
	at org.springframework.web.filter.CharacterEncodingFilter.doFilterInternal(CharacterEncodingFilter.java:201)
	at org.springframework.web.filter.OncePerRequestFilter.doFilter(OncePerRequestFilter.java:119)
	at org.apache.catalina.core.ApplicationFilterChain.internalDoFilter(ApplicationFilterChain.java:193)
	at org.apache.catalina.core.ApplicationFilterChain.doFilter(ApplicationFilterChain.java:166)
	at org.apache.catalina.core.StandardWrapperValve.invoke(StandardWrapperValve.java:202)
	at org.apache.catalina.core.StandardContextValve.invoke(StandardContextValve.java:96)
	at org.apache.catalina.authenticator.AuthenticatorBase.invoke(AuthenticatorBase.java:541)
	at org.apache.catalina.core.StandardHostValve.invoke(StandardHostValve.java:139)
	at org.apache.catalina.valves.ErrorReportValve.invoke(ErrorReportValve.java:92)
	at org.apache.catalina.core.StandardEngineValve.invoke(StandardEngineValve.java:74)
	at org.apache.catalina.connector.CoyoteAdapter.service(CoyoteAdapter.java:343)
	at org.apache.coyote.http11.Http11Processor.service(Http11Processor.java:373)
	at org.apache.coyote.AbstractProcessorLight.process(AbstractProcessorLight.java:65)
	at org.apache.coyote.AbstractProtocol$ConnectionHandler.process(AbstractProtocol.java:868)
	at org.apache.tomcat.util.net.NioEndpoint$SocketProcessor.doRun(NioEndpoint.java:1594)
	at org.apache.tomcat.util.net.SocketProcessorBase.run(SocketProcessorBase.java:49)
	at java.util.concurrent.ThreadPoolExecutor.runWorker(ThreadPoolExecutor.java:1142)
	at java.util.concurrent.ThreadPoolExecutor$Worker.run(ThreadPoolExecutor.java:617)
	at org.apache.tomcat.util.threads.TaskThread$WrappingRunnable.run(TaskThread.java:61)
	at java.lang.Thread.run(Thread.java:745)
2020-10-24 15:09:23.085 WARN  --- [AbstractHandlerExceptionResolver.java:199][http-nio-8080-exec-6] - Resolved [java.lang.ClassCastException: java.util.ArrayList cannot be cast to [Ljava.lang.Integer;]
2020-10-24 15:10:45.971 INFO  --- [StartupInfoLogger.java:55][restartedMain] - Starting MyApplication on DESKTOP-4QR3S8M with PID 7204 (C:\Users\Administrator\Desktop\SpringBoot-Shiro-Vue-master\back\target\classes started by Administrator in C:\Users\Administrator\Desktop\SpringBoot-Shiro-Vue-master\back)
2020-10-24 15:10:45.971 INFO  --- [SpringApplication.java:651][restartedMain] - No active profile set, falling back to default profiles: default
2020-10-24 15:10:48.791 INFO  --- [StartupInfoLogger.java:61][restartedMain] - Started MyApplication in 3.315 seconds (JVM running for 4.048)
2020-10-24 15:10:58.206 INFO  --- [HikariDataSource.java:110][http-nio-8080-exec-2] - HikariPool-1 - Starting...
2020-10-24 15:10:58.382 INFO  --- [HikariDataSource.java:123][http-nio-8080-exec-2] - HikariPool-1 - Start completed.
2020-10-24 15:10:58.391 DEBUG --- [BaseJdbcLogger.java:143][http-nio-8080-exec-2] - ==>  Preparing: SELECT u.id userId, u.username username, u.password password, u.nickname nickName FROM sys_user u WHERE u.username = ? AND u.password = ? AND u.delete_status = '1' 
2020-10-24 15:10:58.422 DEBUG --- [BaseJdbcLogger.java:143][http-nio-8080-exec-2] - ==> Parameters: admin(String), 123456(String)
2020-10-24 15:10:58.449 DEBUG --- [BaseJdbcLogger.java:143][http-nio-8080-exec-2] - <==      Total: 1
2020-10-24 15:10:58.526 DEBUG --- [BaseJdbcLogger.java:143][http-nio-8080-exec-3] - ==>  Preparing: SELECT u.id userId, u.nickname nickname, u.role_id roleId, r.role_name roleName, p.menu_code menuCode, p.permission_code permissionCode FROM sys_user u LEFT JOIN sys_role r ON r.id = u.role_id LEFT JOIN sys_role_permission rp ON u.role_id = rp.role_id LEFT JOIN sys_permission p ON rp.permission_id = p.id AND rp.delete_status = '1' WHERE u.username = ? AND u.delete_status = '1' 
2020-10-24 15:10:58.527 DEBUG --- [BaseJdbcLogger.java:143][http-nio-8080-exec-3] - ==> Parameters: admin(String)
2020-10-24 15:10:58.529 DEBUG --- [BaseJdbcLogger.java:143][http-nio-8080-exec-3] - <==      Total: 1
2020-10-24 15:10:58.534 DEBUG --- [BaseJdbcLogger.java:143][http-nio-8080-exec-3] - ==>  Preparing: SELECT p.menu_code menuCode FROM sys_permission p ORDER BY p.id 
2020-10-24 15:10:58.535 DEBUG --- [BaseJdbcLogger.java:143][http-nio-8080-exec-3] - ==> Parameters: 
2020-10-24 15:10:58.537 DEBUG --- [BaseJdbcLogger.java:143][http-nio-8080-exec-3] - <==      Total: 10
2020-10-24 15:10:58.539 DEBUG --- [BaseJdbcLogger.java:143][http-nio-8080-exec-3] - ==>  Preparing: SELECT p.permission_code permissionCode FROM sys_permission p ORDER BY p.id 
2020-10-24 15:10:58.540 DEBUG --- [BaseJdbcLogger.java:143][http-nio-8080-exec-3] - ==> Parameters: 
2020-10-24 15:10:58.542 DEBUG --- [BaseJdbcLogger.java:143][http-nio-8080-exec-3] - <==      Total: 10
2020-10-24 15:11:10.469 ERROR --- [GlobalExceptionHandler.java:43][http-nio-8080-exec-5] - 异常
java.lang.ClassCastException: java.util.ArrayList cannot be cast to [Ljava.lang.String;
	at com.heeexy.example.service.impl.TimeServiceImpl.addTime(TimeServiceImpl.java:16)
	at com.heeexy.example.controller.UserController.addTime(UserController.java:115)
	at com.heeexy.example.controller.UserController$$FastClassBySpringCGLIB$$ea0c3cf2.invoke(<generated>)
	at org.springframework.cglib.proxy.MethodProxy.invoke(MethodProxy.java:218)
	at org.springframework.aop.framework.CglibAopProxy$DynamicAdvisedInterceptor.intercept(CglibAopProxy.java:687)
	at com.heeexy.example.controller.UserController$$EnhancerBySpringCGLIB$$a976a7fe.addTime(<generated>)
	at sun.reflect.NativeMethodAccessorImpl.invoke0(Native Method)
	at sun.reflect.NativeMethodAccessorImpl.invoke(NativeMethodAccessorImpl.java:62)
	at sun.reflect.DelegatingMethodAccessorImpl.invoke(DelegatingMethodAccessorImpl.java:43)
	at java.lang.reflect.Method.invoke(Method.java:498)
	at org.springframework.web.method.support.InvocableHandlerMethod.doInvoke(InvocableHandlerMethod.java:190)
	at org.springframework.web.method.support.InvocableHandlerMethod.invokeForRequest(InvocableHandlerMethod.java:138)
	at org.springframework.web.servlet.mvc.method.annotation.ServletInvocableHandlerMethod.invokeAndHandle(ServletInvocableHandlerMethod.java:105)
	at org.springframework.web.servlet.mvc.method.annotation.RequestMappingHandlerAdapter.invokeHandlerMethod(RequestMappingHandlerAdapter.java:879)
	at org.springframework.web.servlet.mvc.method.annotation.RequestMappingHandlerAdapter.handleInternal(RequestMappingHandlerAdapter.java:793)
	at org.springframework.web.servlet.mvc.method.AbstractHandlerMethodAdapter.handle(AbstractHandlerMethodAdapter.java:87)
	at org.springframework.web.servlet.DispatcherServlet.doDispatch(DispatcherServlet.java:1040)
	at org.springframework.web.servlet.DispatcherServlet.doService(DispatcherServlet.java:943)
	at org.springframework.web.servlet.FrameworkServlet.processRequest(FrameworkServlet.java:1006)
	at org.springframework.web.servlet.FrameworkServlet.doPost(FrameworkServlet.java:909)
	at javax.servlet.http.HttpServlet.service(HttpServlet.java:660)
	at org.springframework.web.servlet.FrameworkServlet.service(FrameworkServlet.java:883)
	at javax.servlet.http.HttpServlet.service(HttpServlet.java:741)
	at org.apache.catalina.core.ApplicationFilterChain.internalDoFilter(ApplicationFilterChain.java:231)
	at org.apache.catalina.core.ApplicationFilterChain.doFilter(ApplicationFilterChain.java:166)
	at org.apache.tomcat.websocket.server.WsFilter.doFilter(WsFilter.java:53)
	at org.apache.catalina.core.ApplicationFilterChain.internalDoFilter(ApplicationFilterChain.java:193)
	at org.apache.catalina.core.ApplicationFilterChain.doFilter(ApplicationFilterChain.java:166)
	at org.apache.shiro.web.servlet.ProxiedFilterChain.doFilter(ProxiedFilterChain.java:61)
	at org.apache.shiro.web.servlet.AdviceFilter.executeChain(AdviceFilter.java:108)
	at org.apache.shiro.web.servlet.AdviceFilter.doFilterInternal(AdviceFilter.java:137)
	at org.apache.shiro.web.servlet.OncePerRequestFilter.doFilter(OncePerRequestFilter.java:125)
	at org.apache.shiro.web.servlet.ProxiedFilterChain.doFilter(ProxiedFilterChain.java:66)
	at org.apache.shiro.web.servlet.AbstractShiroFilter.executeChain(AbstractShiroFilter.java:449)
	at org.apache.shiro.web.servlet.AbstractShiroFilter$1.call(AbstractShiroFilter.java:365)
	at org.apache.shiro.subject.support.SubjectCallable.doCall(SubjectCallable.java:90)
	at org.apache.shiro.subject.support.SubjectCallable.call(SubjectCallable.java:83)
	at org.apache.shiro.subject.support.DelegatingSubject.execute(DelegatingSubject.java:387)
	at org.apache.shiro.web.servlet.AbstractShiroFilter.doFilterInternal(AbstractShiroFilter.java:362)
	at org.apache.shiro.web.servlet.OncePerRequestFilter.doFilter(OncePerRequestFilter.java:125)
	at org.apache.catalina.core.ApplicationFilterChain.internalDoFilter(ApplicationFilterChain.java:193)
	at org.apache.catalina.core.ApplicationFilterChain.doFilter(ApplicationFilterChain.java:166)
	at org.springframework.web.filter.RequestContextFilter.doFilterInternal(RequestContextFilter.java:100)
	at org.springframework.web.filter.OncePerRequestFilter.doFilter(OncePerRequestFilter.java:119)
	at org.apache.catalina.core.ApplicationFilterChain.internalDoFilter(ApplicationFilterChain.java:193)
	at org.apache.catalina.core.ApplicationFilterChain.doFilter(ApplicationFilterChain.java:166)
	at org.springframework.web.filter.FormContentFilter.doFilterInternal(FormContentFilter.java:93)
	at org.springframework.web.filter.OncePerRequestFilter.doFilter(OncePerRequestFilter.java:119)
	at org.apache.catalina.core.ApplicationFilterChain.internalDoFilter(ApplicationFilterChain.java:193)
	at org.apache.catalina.core.ApplicationFilterChain.doFilter(ApplicationFilterChain.java:166)
	at org.springframework.web.filter.CharacterEncodingFilter.doFilterInternal(CharacterEncodingFilter.java:201)
	at org.springframework.web.filter.OncePerRequestFilter.doFilter(OncePerRequestFilter.java:119)
	at org.apache.catalina.core.ApplicationFilterChain.internalDoFilter(ApplicationFilterChain.java:193)
	at org.apache.catalina.core.ApplicationFilterChain.doFilter(ApplicationFilterChain.java:166)
	at org.apache.catalina.core.StandardWrapperValve.invoke(StandardWrapperValve.java:202)
	at org.apache.catalina.core.StandardContextValve.invoke(StandardContextValve.java:96)
	at org.apache.catalina.authenticator.AuthenticatorBase.invoke(AuthenticatorBase.java:541)
	at org.apache.catalina.core.StandardHostValve.invoke(StandardHostValve.java:139)
	at org.apache.catalina.valves.ErrorReportValve.invoke(ErrorReportValve.java:92)
	at org.apache.catalina.core.StandardEngineValve.invoke(StandardEngineValve.java:74)
	at org.apache.catalina.connector.CoyoteAdapter.service(CoyoteAdapter.java:343)
	at org.apache.coyote.http11.Http11Processor.service(Http11Processor.java:373)
	at org.apache.coyote.AbstractProcessorLight.process(AbstractProcessorLight.java:65)
	at org.apache.coyote.AbstractProtocol$ConnectionHandler.process(AbstractProtocol.java:868)
	at org.apache.tomcat.util.net.NioEndpoint$SocketProcessor.doRun(NioEndpoint.java:1594)
	at org.apache.tomcat.util.net.SocketProcessorBase.run(SocketProcessorBase.java:49)
	at java.util.concurrent.ThreadPoolExecutor.runWorker(ThreadPoolExecutor.java:1142)
	at java.util.concurrent.ThreadPoolExecutor$Worker.run(ThreadPoolExecutor.java:617)
	at org.apache.tomcat.util.threads.TaskThread$WrappingRunnable.run(TaskThread.java:61)
	at java.lang.Thread.run(Thread.java:745)
2020-10-24 15:11:10.472 WARN  --- [AbstractHandlerExceptionResolver.java:199][http-nio-8080-exec-5] - Resolved [java.lang.ClassCastException: java.util.ArrayList cannot be cast to [Ljava.lang.String;]
2020-10-24 15:12:37.929 INFO  --- [StartupInfoLogger.java:55][restartedMain] - Starting MyApplication on DESKTOP-4QR3S8M with PID 6800 (C:\Users\Administrator\Desktop\SpringBoot-Shiro-Vue-master\back\target\classes started by Administrator in C:\Users\Administrator\Desktop\SpringBoot-Shiro-Vue-master\back)
2020-10-24 15:12:37.929 INFO  --- [SpringApplication.java:651][restartedMain] - No active profile set, falling back to default profiles: default
2020-10-24 15:12:40.824 INFO  --- [StartupInfoLogger.java:61][restartedMain] - Started MyApplication in 3.398 seconds (JVM running for 4.13)
2020-10-24 15:12:54.537 INFO  --- [HikariDataSource.java:110][http-nio-8080-exec-2] - HikariPool-1 - Starting...
2020-10-24 15:12:54.706 INFO  --- [HikariDataSource.java:123][http-nio-8080-exec-2] - HikariPool-1 - Start completed.
2020-10-24 15:12:54.713 DEBUG --- [BaseJdbcLogger.java:143][http-nio-8080-exec-2] - ==>  Preparing: SELECT u.id userId, u.username username, u.password password, u.nickname nickName FROM sys_user u WHERE u.username = ? AND u.password = ? AND u.delete_status = '1' 
2020-10-24 15:12:54.745 DEBUG --- [BaseJdbcLogger.java:143][http-nio-8080-exec-2] - ==> Parameters: admin(String), 123456(String)
2020-10-24 15:12:54.785 DEBUG --- [BaseJdbcLogger.java:143][http-nio-8080-exec-2] - <==      Total: 1
2020-10-24 15:12:54.875 DEBUG --- [BaseJdbcLogger.java:143][http-nio-8080-exec-3] - ==>  Preparing: SELECT u.id userId, u.nickname nickname, u.role_id roleId, r.role_name roleName, p.menu_code menuCode, p.permission_code permissionCode FROM sys_user u LEFT JOIN sys_role r ON r.id = u.role_id LEFT JOIN sys_role_permission rp ON u.role_id = rp.role_id LEFT JOIN sys_permission p ON rp.permission_id = p.id AND rp.delete_status = '1' WHERE u.username = ? AND u.delete_status = '1' 
2020-10-24 15:12:54.876 DEBUG --- [BaseJdbcLogger.java:143][http-nio-8080-exec-3] - ==> Parameters: admin(String)
2020-10-24 15:12:54.878 DEBUG --- [BaseJdbcLogger.java:143][http-nio-8080-exec-3] - <==      Total: 1
2020-10-24 15:12:54.883 DEBUG --- [BaseJdbcLogger.java:143][http-nio-8080-exec-3] - ==>  Preparing: SELECT p.menu_code menuCode FROM sys_permission p ORDER BY p.id 
2020-10-24 15:12:54.883 DEBUG --- [BaseJdbcLogger.java:143][http-nio-8080-exec-3] - ==> Parameters: 
2020-10-24 15:12:54.885 DEBUG --- [BaseJdbcLogger.java:143][http-nio-8080-exec-3] - <==      Total: 10
2020-10-24 15:12:54.886 DEBUG --- [BaseJdbcLogger.java:143][http-nio-8080-exec-3] - ==>  Preparing: SELECT p.permission_code permissionCode FROM sys_permission p ORDER BY p.id 
2020-10-24 15:12:54.887 DEBUG --- [BaseJdbcLogger.java:143][http-nio-8080-exec-3] - ==> Parameters: 
2020-10-24 15:12:54.890 DEBUG --- [BaseJdbcLogger.java:143][http-nio-8080-exec-3] - <==      Total: 10
2020-10-24 15:13:34.971 INFO  --- [StartupInfoLogger.java:55][restartedMain] - Starting MyApplication on DESKTOP-4QR3S8M with PID 7488 (C:\Users\Administrator\Desktop\SpringBoot-Shiro-Vue-master\back\target\classes started by Administrator in C:\Users\Administrator\Desktop\SpringBoot-Shiro-Vue-master\back)
2020-10-24 15:13:34.971 INFO  --- [SpringApplication.java:651][restartedMain] - No active profile set, falling back to default profiles: default
2020-10-24 15:13:37.815 INFO  --- [StartupInfoLogger.java:61][restartedMain] - Started MyApplication in 3.391 seconds (JVM running for 4.131)
2020-10-24 15:13:44.322 INFO  --- [HikariDataSource.java:110][http-nio-8080-exec-2] - HikariPool-1 - Starting...
2020-10-24 15:13:44.490 INFO  --- [HikariDataSource.java:123][http-nio-8080-exec-2] - HikariPool-1 - Start completed.
2020-10-24 15:13:44.498 DEBUG --- [BaseJdbcLogger.java:143][http-nio-8080-exec-2] - ==>  Preparing: SELECT u.id userId, u.username username, u.password password, u.nickname nickName FROM sys_user u WHERE u.username = ? AND u.password = ? AND u.delete_status = '1' 
2020-10-24 15:13:44.528 DEBUG --- [BaseJdbcLogger.java:143][http-nio-8080-exec-2] - ==> Parameters: admin(String), 123456(String)
2020-10-24 15:13:44.553 DEBUG --- [BaseJdbcLogger.java:143][http-nio-8080-exec-2] - <==      Total: 1
2020-10-24 15:13:44.627 DEBUG --- [BaseJdbcLogger.java:143][http-nio-8080-exec-3] - ==>  Preparing: SELECT u.id userId, u.nickname nickname, u.role_id roleId, r.role_name roleName, p.menu_code menuCode, p.permission_code permissionCode FROM sys_user u LEFT JOIN sys_role r ON r.id = u.role_id LEFT JOIN sys_role_permission rp ON u.role_id = rp.role_id LEFT JOIN sys_permission p ON rp.permission_id = p.id AND rp.delete_status = '1' WHERE u.username = ? AND u.delete_status = '1' 
2020-10-24 15:13:44.627 DEBUG --- [BaseJdbcLogger.java:143][http-nio-8080-exec-3] - ==> Parameters: admin(String)
2020-10-24 15:13:44.633 DEBUG --- [BaseJdbcLogger.java:143][http-nio-8080-exec-3] - <==      Total: 1
2020-10-24 15:13:44.637 DEBUG --- [BaseJdbcLogger.java:143][http-nio-8080-exec-3] - ==>  Preparing: SELECT p.menu_code menuCode FROM sys_permission p ORDER BY p.id 
2020-10-24 15:13:44.639 DEBUG --- [BaseJdbcLogger.java:143][http-nio-8080-exec-3] - ==> Parameters: 
2020-10-24 15:13:44.641 DEBUG --- [BaseJdbcLogger.java:143][http-nio-8080-exec-3] - <==      Total: 10
2020-10-24 15:13:44.643 DEBUG --- [BaseJdbcLogger.java:143][http-nio-8080-exec-3] - ==>  Preparing: SELECT p.permission_code permissionCode FROM sys_permission p ORDER BY p.id 
2020-10-24 15:13:44.643 DEBUG --- [BaseJdbcLogger.java:143][http-nio-8080-exec-3] - ==> Parameters: 
2020-10-24 15:13:44.645 DEBUG --- [BaseJdbcLogger.java:143][http-nio-8080-exec-3] - <==      Total: 10
2020-10-24 15:46:48.888 WARN  --- [HikariPool.java:779][HikariPool-1 housekeeper] - HikariPool-1 - Thread starvation or clock leap detected (housekeeper delta=12m4s106ms383µs398ns).
2020-10-24 18:50:46.267 WARN  --- [HikariPool.java:779][HikariPool-1 housekeeper] - HikariPool-1 - Thread starvation or clock leap detected (housekeeper delta=3h27s355ms129µs344ns).
2020-10-24 19:21:41.595 WARN  --- [HikariPool.java:779][HikariPool-1 housekeeper] - HikariPool-1 - Thread starvation or clock leap detected (housekeeper delta=31m754ms326µs470ns).
